<?xml version="1.0" encoding="UTF-8"?>
<!-- Generated by org.testng.reporters.JUnitReportReporter -->
<testsuite hostname="EC2AMAZ-S11DBRH" failures="0" tests="3" name="ParallelScripts.SampleOneTest" time="0.035" errors="0" timestamp="2023-12-12T14:08:56 GMT" skipped="0">
  <testcase classname="ParallelScripts.SampleOneTest" name="testone" time="0.012"/>
  <system-out/>
  <testcase classname="ParallelScripts.SampleOneTest" name="testtwo" time="0.012"/>
  <system-out/>
  <testcase classname="ParallelScripts.SampleOneTest" name="testthree" time="0.011"/>
  <system-out/>
</testsuite> <!-- ParallelScripts.SampleOneTest -->
