<?xml version="1.0" encoding="UTF-8"?>
<!-- Generated by org.testng.reporters.JUnitReportReporter -->
<testsuite hostname="EC2AMAZ-S11DBRH" failures="0" tests="1" name="testScripts.SampleThreeTest" time="0.003" errors="0" timestamp="2023-12-12T13:50:01 GMT" skipped="0">
  <testcase classname="testScripts.SampleThreeTest" name="testone" time="0.003"/>
  <system-out/>
</testsuite> <!-- testScripts.SampleThreeTest -->
