<?xml version="1.0" encoding="UTF-8"?>
<!-- Generated by org.testng.reporters.JUnitReportReporter -->
<testsuite hostname="EC2AMAZ-S11DBRH" failures="0" tests="2" name="testScripts.GooglePageTest" time="12.783" errors="0" timestamp="2023-12-11T15:51:17 GMT" skipped="0">
  <testcase classname="testScripts.GooglePageTest" name="javaSearchTest" time="6.835"/>
  <system-out/>
  <testcase classname="testScripts.GooglePageTest" name="seleniumSearchTest" time="5.948"/>
  <system-out/>
</testsuite> <!-- testScripts.GooglePageTest -->
