<?xml version="1.0" encoding="UTF-8"?>
<!-- Generated by org.testng.reporters.JUnitReportReporter -->
<testsuite hostname="EC2AMAZ-S11DBRH" failures="0" tests="3" name="testScripts.LoginTest" time="15.695" errors="0" timestamp="2023-12-12T15:56:39 GMT" skipped="0">
  <testcase classname="testScripts.LoginTest" name="validLogin" time="6.021"/>
  <system-out/>
  <testcase classname="testScripts.LoginTest" name="validLogin" time="4.893"/>
  <system-out/>
  <testcase classname="testScripts.LoginTest" name="validLogin" time="4.781"/>
  <system-out/>
</testsuite> <!-- testScripts.LoginTest -->
