<?xml version="1.0" encoding="UTF-8"?>
<!-- Generated by org.testng.reporters.JUnitReportReporter -->
<testsuite hostname="EC2AMAZ-S11DBRH" failures="0" tests="1" name="testScripts.SampleOneTest" time="7.588" errors="0" timestamp="2023-12-11T14:02:59 GMT" skipped="0">
  <testcase classname="testScripts.SampleOneTest" name="CucumberSearchTest" time="7.588"/>
  <system-out/>
</testsuite> <!-- testScripts.SampleOneTest -->
