<?xml version="1.0" encoding="UTF-8"?>
<!-- Generated by org.testng.reporters.JUnitReportReporter -->
<testsuite hostname="EC2AMAZ-S11DBRH" failures="0" tests="1" name="testScripts.GooglePageTest" time="14.086" errors="0" timestamp="2023-12-11T13:52:45 GMT" skipped="0">
  <testcase classname="testScripts.GooglePageTest" name="javaSearchTest" time="14.086"/>
  <system-out/>
</testsuite> <!-- testScripts.GooglePageTest -->
