<?xml version="1.0" encoding="UTF-8"?>
<!-- Generated by org.testng.reporters.JUnitReportReporter -->
<testsuite hostname="EC2AMAZ-S11DBRH" failures="0" tests="1" name="testScripts.SampleOneTest" time="6.835" errors="0" timestamp="2023-12-12T12:32:13 GMT" skipped="0">
  <testcase classname="testScripts.SampleOneTest" name="CucumberSearchTest" time="6.835"/>
  <system-out/>
</testsuite> <!-- testScripts.SampleOneTest -->
